<?xml version="1.0" encoding="UTF-8"?>
<!-- Generated by org.testng.reporters.JUnitReportReporter -->
<testsuite hostname="Krishna-PC" failures="0" tests="3" name="dataDriven.dataProvider" time="0.010" errors="0" timestamp="2023-06-06T20:58:51 CDT" skipped="0">
  <testcase classname="dataDriven.dataProvider" name="testCaseData" time="0.000"/>
  <system-out/>
  <testcase classname="dataDriven.dataProvider" name="testCaseData" time="0.001"/>
  <system-out/>
  <testcase classname="dataDriven.dataProvider" name="testCaseData" time="0.009"/>
  <system-out/>
</testsuite> <!-- dataDriven.dataProvider -->
