<?xml version="1.0" encoding="UTF-8"?>
<!-- Generated by org.testng.reporters.JUnitReportReporter -->
<testsuite hostname="Krishna-PC" failures="0" tests="3" name="dataDriven.dataProvider" time="0.011" errors="0" timestamp="2023-06-01T19:47:16 CDT" skipped="0">
  <testcase classname="dataDriven.dataProvider" name="testCaseData" time="0.008"/>
  <system-out/>
  <testcase classname="dataDriven.dataProvider" name="testCaseData" time="0.001"/>
  <system-out/>
  <testcase classname="dataDriven.dataProvider" name="testCaseData" time="0.002"/>
  <system-out/>
</testsuite> <!-- dataDriven.dataProvider -->
